<?xml version="1.0" encoding="UTF-8"?>
<testsuite name="net.kigawa.keruta.api.KerutaApplicationTest" tests="5" skipped="0" failures="0" errors="0" timestamp="2025-07-09T17:35:39.503Z" hostname="main" time="0.555">
  <properties/>
  <testcase name="context loads()" classname="net.kigawa.keruta.api.KerutaApplicationTest" time="0.537"/>
  <testcase name="application has all required beans()" classname="net.kigawa.keruta.api.KerutaApplicationTest" time="0.004"/>
  <testcase name="configuration properties scanning is enabled()" classname="net.kigawa.keruta.api.KerutaApplicationTest" time="0.004"/>
  <testcase name="scheduling is enabled()" classname="net.kigawa.keruta.api.KerutaApplicationTest" time="0.002"/>
  <testcase name="component scanning includes all required packages()" classname="net.kigawa.keruta.api.KerutaApplicationTest" time="0.003"/>
  <system-out><![CDATA[02:33:46.071 [Test worker] INFO org.springframework.test.context.support.AnnotationConfigContextLoaderUtils -- Could not detect default configuration classes for test class [net.kigawa.keruta.api.KerutaApplicationTest]: KerutaApplicationTest does not declare any static, non-private, non-final, nested classes annotated with @Configuration.
02:33:46.172 [Test worker] INFO org.springframework.boot.test.context.SpringBootTestContextBootstrapper -- Found @SpringBootConfiguration net.kigawa.keruta.api.KerutaApplication for test class net.kigawa.keruta.api.KerutaApplicationTest
02:33:46.244 [Test worker] INFO org.testcontainers.images.PullPolicy -- Image pull policy will be performed by: DefaultPullPolicy()
02:33:46.246 [Test worker] INFO org.testcontainers.utility.ImageNameSubstitutor -- Image name substitution will be performed by: DefaultImageNameSubstitutor (composite of 'ConfigurationFileImageNameSubstitutor' and 'PrefixingImageNameSubstitutor')
02:33:46.331 [Test worker] INFO org.testcontainers.dockerclient.DockerClientProviderStrategy -- Loaded org.testcontainers.dockerclient.UnixSocketClientProviderStrategy from ~/.testcontainers.properties, will try it first
02:33:46.522 [Test worker] INFO org.testcontainers.dockerclient.DockerClientProviderStrategy -- Found Docker environment with local Unix socket (unix:///var/run/docker.sock)
02:33:46.524 [Test worker] INFO org.testcontainers.DockerClientFactory -- Docker host IP address is localhost
02:33:46.542 [Test worker] INFO org.testcontainers.DockerClientFactory -- Connected to docker: 
  Server Version: 28.3.1
  API Version: 1.51
  Operating System: Ubuntu 24.04.2 LTS
  Total Memory: 55947 MB
02:33:46.572 [Test worker] INFO tc.testcontainers/ryuk:0.5.1 -- Creating container for image: testcontainers/ryuk:0.5.1
02:33:46.575 [Test worker] INFO org.testcontainers.utility.RegistryAuthLocator -- Failure when attempting to lookup auth config. Please ignore if you don't have images in an authenticated registry. Details: (dockerImageName: testcontainers/ryuk:0.5.1, configFile: /home/kigawa/.docker/config.json, configEnv: DOCKER_AUTH_CONFIG). Falling back to docker-java default behaviour. Exception message: Status 404: No config supplied. Checked in order: /home/kigawa/.docker/config.json (file not found), DOCKER_AUTH_CONFIG (not set)
02:33:54.823 [Test worker] INFO tc.testcontainers/ryuk:0.5.1 -- Container testcontainers/ryuk:0.5.1 is starting: ab477a7cd3115d068f677d66660bb605f6449a6d13d26079851b141ca1c4aa90
02:33:55.091 [Test worker] INFO tc.testcontainers/ryuk:0.5.1 -- Container testcontainers/ryuk:0.5.1 started in PT8.518995575S
02:33:55.095 [Test worker] INFO org.testcontainers.utility.RyukResourceReaper -- Ryuk started - will monitor and terminate Testcontainers containers on JVM exit
02:33:55.095 [Test worker] INFO org.testcontainers.DockerClientFactory -- Checking the system...
02:33:55.096 [Test worker] INFO org.testcontainers.DockerClientFactory -- ✔︎ Docker server version should be at least 1.6.0
02:33:55.096 [Test worker] INFO tc.postgres:15.6-alpine -- Creating container for image: postgres:15.6-alpine
02:33:55.167 [Test worker] INFO tc.testcontainers/sshd:1.1.0 -- Creating container for image: testcontainers/sshd:1.1.0
02:34:05.067 [Test worker] INFO tc.testcontainers/sshd:1.1.0 -- Container testcontainers/sshd:1.1.0 is starting: 3f54e7ccf85377eb57084221e1d8d879f40acac3f14f1e05dfcc57fbe68de4a3
02:34:05.469 [Test worker] INFO tc.testcontainers/sshd:1.1.0 -- Container testcontainers/sshd:1.1.0 started in PT10.302932615S
02:34:15.862 [Test worker] INFO tc.postgres:15.6-alpine -- Container postgres:15.6-alpine is starting: 029e7d2d415e2d2d5f83aa4540d063e99eb36ed935276971ec38a3abac4052ab
02:34:20.919 [Test worker] INFO tc.postgres:15.6-alpine -- Container postgres:15.6-alpine started in PT25.822559794S
02:34:20.920 [Test worker] INFO tc.postgres:15.6-alpine -- Container is started (JDBC URL: jdbc:postgresql://localhost:32777/keycloak?loggerLevel=OFF)
02:34:20.921 [Test worker] INFO tc.mongo:6.0 -- Creating container for image: mongo:6.0
02:34:26.097 [Test worker] INFO tc.mongo:6.0 -- Container mongo:6.0 is starting: 770a4a00a551848280f966ded77fb9179331dfcd9e95a9e922450bdd8f6c8cec
02:34:26.767 [Test worker] INFO tc.mongo:6.0 -- Container mongo:6.0 started in PT5.846045839S
02:34:26.770 [Test worker] INFO tc.bitnami/keycloak:latest -- Creating container for image: bitnami/keycloak:latest
02:34:56.790 [Test worker] INFO tc.bitnami/keycloak:latest -- Container bitnami/keycloak:latest is starting: 2dcb11fd5356649b20335da75c79fdd313da5395fa66e8c59da54fb118607728
keycloak 17:34:57.06 INFO  ==> 
keycloak 17:34:57.06 INFO  ==> Welcome to the Bitnami keycloak container
keycloak 17:34:57.06 INFO  ==> Subscribe to project updates by watching https://github.com/bitnami/containers
keycloak 17:34:57.06 INFO  ==> Did you know there are enterprise versions of the Bitnami catalog? For enhanced secure software supply chain features, unlimited pulls from Docker, LTS support, or application customization, see Bitnami Premium or Tanzu Application Catalog. See https://www.arrow.com/globalecs/na/vendors/bitnami/ for more information.
keycloak 17:34:57.06 INFO  ==> 
keycloak 17:34:57.07 INFO  ==> ** Starting keycloak setup **
keycloak 17:34:57.08 INFO  ==> Validating settings in KEYCLOAK_* env vars...
keycloak 17:34:57.08 INFO  ==> Trying to connect to PostgreSQL server postgres...
keycloak 17:34:57.09 INFO  ==> Found PostgreSQL server listening at postgres:5432
keycloak 17:34:57.09 INFO  ==> Configuring database settings
keycloak 17:34:57.17 INFO  ==> Enabling statistics
keycloak 17:34:57.18 INFO  ==> Enabling health endpoints
keycloak 17:34:57.19 INFO  ==> Configuring http settings
keycloak 17:34:57.20 INFO  ==> Configuring hostname settings
keycloak 17:34:57.20 INFO  ==> Configuring cache count
keycloak 17:34:57.21 INFO  ==> Configuring log level
keycloak 17:34:57.22 INFO  ==> ** keycloak setup finished! **

keycloak 17:34:57.23 INFO  ==> ** Starting keycloak **
Updating the configuration and installing your custom providers, if any. Please wait.
2025-07-09 17:35:00,079 WARN  [org.keycloak.services] (build-26) KC-SERVICES0047: metrics (org.jboss.aerogear.keycloak.metrics.MetricsEndpointFactory) is implementing the internal SPI realm-restapi-extension. This SPI is internal and may change without notice
2025-07-09 17:35:00,565 WARN  [org.keycloak.services] (build-26) KC-SERVICES0047: metrics-listener (org.jboss.aerogear.keycloak.metrics.MetricsEventListenerFactory) is implementing the internal SPI eventsListener. This SPI is internal and may change without notice
2025-07-09 17:35:20,949 INFO  [io.quarkus.deployment.QuarkusAugmentor] (main) Quarkus augmentation completed in 22294ms
WARNING: Hostname v1 options [hostname-port] are still in use, please review your configuration
Running the server in development mode. DO NOT use this configuration in production.
2025-07-09 17:35:22,298 INFO  [org.keycloak.url.HostnameV2ProviderFactory] (main) If hostname is specified, hostname-strict is effectively ignored
2025-07-09 17:35:25,487 INFO  [org.keycloak.quarkus.runtime.storage.database.liquibase.QuarkusJpaUpdaterProvider] (main) Initializing database schema. Using changelog META-INF/jpa-changelog-master.xml
2025-07-09 17:35:32,248 INFO  [org.keycloak.quarkus.runtime.storage.infinispan.CacheManagerFactory] (main) Starting Infinispan embedded cache manager
2025-07-09 17:35:32,251 INFO  [org.keycloak.quarkus.runtime.storage.infinispan.CacheManagerFactory] (main) JGroups JDBC_PING discovery enabled.
2025-07-09 17:35:32,542 INFO  [org.keycloak.quarkus.runtime.storage.infinispan.CacheManagerFactory] (main) JGroups Encryption enabled (mTLS).
2025-07-09 17:35:32,655 INFO  [org.infinispan.CONTAINER] (main) Virtual threads support enabled
2025-07-09 17:35:32,760 INFO  [org.keycloak.infinispan.module.certificates.CertificateReloadManager] (main) Starting JGroups certificate reload manager
2025-07-09 17:35:32,875 INFO  [org.infinispan.CONTAINER] (main) ISPN000556: Starting user marshaller 'org.infinispan.commons.marshall.ImmutableProtoStreamMarshaller'
2025-07-09 17:35:33,050 INFO  [org.infinispan.CLUSTER] (main) ISPN000078: Starting JGroups channel `ISPN` with stack `jdbc-ping`
2025-07-09 17:35:33,053 INFO  [org.jgroups.JChannel] (main) local_addr: a3e60a57-15e3-48a7-9b2c-1d2274c6af67, name: 2dcb11fd5356-44134
2025-07-09 17:35:33,063 INFO  [org.jgroups.protocols.FD_SOCK2] (main) server listening on *:57800
2025-07-09 17:35:33,066 INFO  [org.jgroups.protocols.pbcast.GMS] (main) 2dcb11fd5356-44134: no members discovered after 2 ms: creating cluster as coordinator
2025-07-09 17:35:33,083 INFO  [org.infinispan.CLUSTER] (main) ISPN000094: Received new cluster view for channel ISPN: [2dcb11fd5356-44134|0] (1) [2dcb11fd5356-44134]
2025-07-09 17:35:33,085 INFO  [org.keycloak.infinispan.module.certificates.CertificateReloadManager] (main) Reloading JGroups Certificate
2025-07-09 17:35:33,116 INFO  [org.infinispan.CLUSTER] (main) ISPN000079: Channel `ISPN` local address is `2dcb11fd5356-44134`, physical addresses are `[172.17.0.6:7800]`
2025-07-09 17:35:33,501 INFO  [org.keycloak.connections.infinispan.DefaultInfinispanConnectionProviderFactory] (main) Node name: 2dcb11fd5356-44134, Site name: null
2025-07-09 17:35:33,635 INFO  [org.keycloak.exportimport.dir.DirImportProvider] (main) Importing from directory /opt/bitnami/keycloak/bin/../data/import
2025-07-09 17:35:33,716 INFO  [org.keycloak.services] (main) KC-SERVICES0050: Initializing master realm
2025-07-09 17:35:34,739 INFO  [org.keycloak.exportimport.singlefile.SingleFileImportProvider] (main) Full importing from file /opt/bitnami/keycloak/bin/../data/import/keycloak.default.realm.json
2025-07-09 17:35:35,634 INFO  [org.keycloak.exportimport.util.ImportUtils] (main) Realm 'keruta' imported
2025-07-09 17:35:35,634 INFO  [org.keycloak.services] (main) KC-SERVICES0030: Full model import requested. Strategy: IGNORE_EXISTING
2025-07-09 17:35:35,635 INFO  [org.keycloak.services] (main) KC-SERVICES0032: Import finished successfully
2025-07-09 17:35:35,635 WARN  [org.keycloak.services] (main) KC-SERVICES0110: Environment variable 'KEYCLOAK_ADMIN' is deprecated, use 'KC_BOOTSTRAP_ADMIN_USERNAME' instead
2025-07-09 17:35:35,635 WARN  [org.keycloak.services] (main) KC-SERVICES0110: Environment variable 'KEYCLOAK_ADMIN_PASSWORD' is deprecated, use 'KC_BOOTSTRAP_ADMIN_PASSWORD' instead
2025-07-09 17:35:35,748 INFO  [org.keycloak.services] (main) KC-SERVICES0077: Created temporary admin user with username admin
2025-07-09 17:35:35,904 INFO  [io.quarkus] (main) Keycloak 26.2.5 on JVM (powered by Quarkus 3.20.1) started in 14.795s. Listening on: http://0.0.0.0:8080
2025-07-09 17:35:35,904 INFO  [io.quarkus] (main) Profile dev activated. 
2025-07-09 17:35:35,904 INFO  [io.quarkus] (main) Installed features: [agroal, cdi, hibernate-orm, jdbc-postgresql, keycloak, narayana-jta, opentelemetry, reactive-routes, rest, rest-jackson, smallrye-context-propagation, vertx]
02:35:36.008 [Test worker] INFO tc.bitnami/keycloak:latest -- Container bitnami/keycloak:latest started in PT1M9.237196564S

  .   ____          _            __ _ _
 /\\ / ___'_ __ _ _(_)_ __  __ _ \ \ \ \
( ( )\___ | '_ | '_| | '_ \/ _` | \ \ \ \
 \\/  ___)| |_)| | | | | || (_| |  ) ) ) )
  '  |____| .__|_| |_|_| |_\__, | / / / /
 =========|_|==============|___/=/_/_/_/
 :: Spring Boot ::                (v3.2.0)

2025-07-10 02:35:36.236  INFO [keruta] [] [] [Test worker] [n.k.k.a.KerutaApplicationTest:50] - Starting KerutaApplicationTest using Java 21.0.7 with PID 120822 (started by kigawa in /var/user/dev/kigawa-net/keruta/api)
2025-07-10 02:35:36.237 DEBUG [keruta] [] [] [Test worker] [n.k.k.a.KerutaApplicationTest:51] - Running with Spring Boot v3.2.0, Spring v6.1.1
2025-07-10 02:35:36.237  INFO [keruta] [] [] [Test worker] [n.k.k.a.KerutaApplicationTest:653] - No active profile set, falling back to 1 default profile: "default"
2025-07-10 02:35:36.257 DEBUG [keruta] [] [] [Test worker] [o.s.w.c.s.GenericWebApplicationContext:658] - Refreshing org.springframework.web.context.support.GenericWebApplicationContext@64c781a9
2025-07-10 02:35:36.880  INFO [keruta] [] [] [Test worker] [o.s.d.r.c.RepositoryConfigurationDelegate:139] - Bootstrapping Spring Data MongoDB repositories in DEFAULT mode.
2025-07-10 02:35:36.968  INFO [keruta] [] [] [Test worker] [o.s.d.r.c.RepositoryConfigurationDelegate:208] - Finished Spring Data repository scanning in 84 ms. Found 6 MongoDB repository interfaces.
2025-07-10 02:35:37.546  INFO [keruta] [] [] [Test worker] [o.m.d.client:71] - MongoClient with metadata {"driver": {"name": "mongo-java-driver|sync", "version": "4.11.1"}, "os": {"type": "Linux", "name": "Linux", "architecture": "amd64", "version": "6.8.0-63-generic"}, "platform": "Java/Ubuntu/21.0.7+6-Ubuntu-0ubuntu124.04"} created with settings MongoClientSettings{readPreference=primary, writeConcern=WriteConcern{w=null, wTimeout=null ms, journal=null}, retryWrites=true, retryReads=true, readConcern=ReadConcern{level=null}, credential=MongoCredential{mechanism=null, userName='admin', source='admin', password=<hidden>, mechanismProperties=<hidden>}, transportSettings=null, streamFactoryFactory=null, commandListeners=[], codecRegistry=ProvidersCodecRegistry{codecProviders=[ValueCodecProvider{}, BsonValueCodecProvider{}, DBRefCodecProvider{}, DBObjectCodecProvider{}, DocumentCodecProvider{}, CollectionCodecProvider{}, IterableCodecProvider{}, MapCodecProvider{}, GeoJsonCodecProvider{}, GridFSFileCodecProvider{}, Jsr310CodecProvider{}, JsonObjectCodecProvider{}, BsonCodecProvider{}, EnumCodecProvider{}, com.mongodb.client.model.mql.ExpressionCodecProvider@2093bb6c, com.mongodb.Jep395RecordCodecProvider@528a16fb, com.mongodb.KotlinCodecProvider@3673e211]}, loggerSettings=LoggerSettings{maxDocumentLength=1000}, clusterSettings={hosts=[localhost:32778], srvServiceName=mongodb, mode=SINGLE, requiredClusterType=UNKNOWN, requiredReplicaSetName='null', serverSelector='null', clusterListeners='[]', serverSelectionTimeout='30000 ms', localThreshold='15 ms'}, socketSettings=SocketSettings{connectTimeoutMS=10000, readTimeoutMS=0, receiveBufferSize=0, proxySettings=ProxySettings{host=null, port=null, username=null, password=null}}, heartbeatSocketSettings=SocketSettings{connectTimeoutMS=10000, readTimeoutMS=10000, receiveBufferSize=0, proxySettings=ProxySettings{host=null, port=null, username=null, password=null}}, connectionPoolSettings=ConnectionPoolSettings{maxSize=100, minSize=0, maxWaitTimeMS=120000, maxConnectionLifeTimeMS=0, maxConnectionIdleTimeMS=0, maintenanceInitialDelayMS=0, maintenanceFrequencyMS=60000, connectionPoolListeners=[], maxConnecting=2}, serverSettings=ServerSettings{heartbeatFrequencyMS=10000, minHeartbeatFrequencyMS=500, serverListeners='[]', serverMonitorListeners='[]'}, sslSettings=SslSettings{enabled=false, invalidHostNameAllowed=false, context=null}, applicationName='null', compressorList=[], uuidRepresentation=UNSPECIFIED, serverApi=null, autoEncryptionSettings=null, dnsClient=null, inetAddressResolver=null, contextProvider=null}
2025-07-10 02:35:37.563  INFO [keruta] [] [] [cluster-ClusterId{value='686ea869bde0461d024cb6d9', description='null'}-localhost:32778] [o.m.d.cluster:71] - Monitor thread successfully connected to server with description ServerDescription{address=localhost:32778, type=STANDALONE, state=CONNECTED, ok=true, minWireVersion=0, maxWireVersion=17, maxDocumentSize=16777216, logicalSessionTimeoutMinutes=30, roundTripTimeNanos=18102300}
2025-07-10 02:35:38.940 DEBUG [keruta] [] [] [Test worker] [o.s.w.s.m.m.a.RequestMappingHandlerMapping:366] - 88 mappings in 'requestMappingHandlerMapping'
2025-07-10 02:35:39.019 DEBUG [keruta] [] [] [Test worker] [o.s.w.s.h.SimpleUrlHandlerMapping:187] - Patterns [/webjars/**, /**, /swagger-ui*/*swagger-initializer.js, /swagger-ui*/**] in 'resourceHandlerMapping'
2025-07-10 02:35:39.050  INFO [keruta] [] [] [Test worker] [o.s.s.w.DefaultSecurityFilterChain:54] - Will secure Or [Mvc [pattern='/api/**']] with [org.springframework.security.web.session.DisableEncodeUrlFilter@44f6ac4f, org.springframework.security.web.context.request.async.WebAsyncManagerIntegrationFilter@46ee9cfd, org.springframework.security.web.context.SecurityContextHolderFilter@589cc8eb, org.springframework.security.web.header.HeaderWriterFilter@da2303c, org.springframework.security.web.authentication.logout.LogoutFilter@301b89e1, org.springframework.security.web.savedrequest.RequestCacheAwareFilter@6888a33, org.springframework.security.web.servletapi.SecurityContextHolderAwareRequestFilter@4303511e, org.springframework.security.web.authentication.AnonymousAuthenticationFilter@6b58a0f9, org.springframework.security.web.access.ExceptionTranslationFilter@45398bb0, org.springframework.security.web.access.intercept.AuthorizationFilter@540ac21e]
2025-07-10 02:35:39.056  INFO [keruta] [] [] [Test worker] [o.s.s.w.DefaultSecurityFilterChain:54] - Will secure any request with [org.springframework.security.web.session.DisableEncodeUrlFilter@2db0dd19, org.springframework.security.web.context.request.async.WebAsyncManagerIntegrationFilter@354ff4f6, org.springframework.security.web.context.SecurityContextHolderFilter@8b727cb, org.springframework.security.web.header.HeaderWriterFilter@730611a0, org.springframework.web.filter.CorsFilter@315bb2bb, org.springframework.security.web.authentication.logout.LogoutFilter@6b3a1151, org.springframework.security.web.savedrequest.RequestCacheAwareFilter@6030eff1, org.springframework.security.web.servletapi.SecurityContextHolderAwareRequestFilter@194a653d, org.springframework.security.web.authentication.AnonymousAuthenticationFilter@57e35236, org.springframework.security.web.access.ExceptionTranslationFilter@36e9fd4f, org.springframework.security.web.access.intercept.AuthorizationFilter@309ac89e]
2025-07-10 02:35:39.218 DEBUG [keruta] [] [] [Test worker] [o.s.w.s.m.m.a.RequestMappingHandlerAdapter:633] - ControllerAdvice beans: 0 @ModelAttribute, 0 @InitBinder, 1 RequestBodyAdvice, 1 ResponseBodyAdvice
2025-07-10 02:35:39.259 DEBUG [keruta] [] [] [Test worker] [o.s.w.s.m.m.a.ExceptionHandlerExceptionResolver:305] - ControllerAdvice beans: 1 @ExceptionHandler, 1 ResponseBodyAdvice
2025-07-10 02:35:39.494  INFO [keruta] [] [] [Test worker] [n.k.k.a.KerutaApplicationTest:56] - Started KerutaApplicationTest in 3.446 seconds (process running for 113.951)
2025-07-10 02:35:41.402  INFO [keruta] [] [] [cluster-ClusterId{value='686ea869bde0461d024cb6d9', description='null'}-localhost:32778] [o.m.d.cluster:76] - Exception in monitor thread while connecting to server localhost:32778
com.mongodb.MongoSocketReadException: Prematurely reached end of stream
	at com.mongodb.internal.connection.SocketStream.read(SocketStream.java:177)
	at com.mongodb.internal.connection.SocketStream.read(SocketStream.java:200)
	at com.mongodb.internal.connection.InternalStreamConnection.receiveResponseBuffers(InternalStreamConnection.java:739)
	at com.mongodb.internal.connection.InternalStreamConnection.receiveMessageWithAdditionalTimeout(InternalStreamConnection.java:603)
	at com.mongodb.internal.connection.InternalStreamConnection.receiveCommandMessageResponse(InternalStreamConnection.java:451)
	at com.mongodb.internal.connection.InternalStreamConnection.receive(InternalStreamConnection.java:404)
	at com.mongodb.internal.connection.DefaultServerMonitor$ServerMonitorRunnable.lookupServerDescription(DefaultServerMonitor.java:224)
	at com.mongodb.internal.connection.DefaultServerMonitor$ServerMonitorRunnable.run(DefaultServerMonitor.java:156)
	at java.base/java.lang.Thread.run(Thread.java:1583)
2025-07-10 02:35:44.503  INFO [keruta] [] [] [DefaultDispatcher-worker-1 @coroutine#2] [o.m.d.cluster:71] - No server chosen by ReadPreferenceServerSelector{readPreference=primary} from cluster description ClusterDescription{type=UNKNOWN, connectionMode=SINGLE, serverDescriptions=[ServerDescription{address=localhost:32778, type=UNKNOWN, state=CONNECTING, exception={com.mongodb.MongoSocketReadException: Prematurely reached end of stream}}]}. Waiting for 30000 ms before timing out
2025-07-10 02:35:44.506  INFO [keruta] [] [] [cluster-ClusterId{value='686ea869bde0461d024cb6d9', description='null'}-localhost:32778] [o.m.d.cluster:76] - Exception in monitor thread while connecting to server localhost:32778
com.mongodb.MongoSocketOpenException: Exception opening socket
	at com.mongodb.internal.connection.SocketStream.lambda$open$0(SocketStream.java:84)
	at java.base/java.util.Optional.orElseThrow(Optional.java:403)
	at com.mongodb.internal.connection.SocketStream.open(SocketStream.java:84)
	at com.mongodb.internal.connection.InternalStreamConnection.open(InternalStreamConnection.java:211)
	at com.mongodb.internal.connection.DefaultServerMonitor$ServerMonitorRunnable.lookupServerDescription(DefaultServerMonitor.java:196)
	at com.mongodb.internal.connection.DefaultServerMonitor$ServerMonitorRunnable.run(DefaultServerMonitor.java:156)
	at java.base/java.lang.Thread.run(Thread.java:1583)
Caused by: java.net.ConnectException: 接続を拒否されました
	at java.base/sun.nio.ch.Net.pollConnect(Native Method)
	at java.base/sun.nio.ch.Net.pollConnectNow(Net.java:682)
	at java.base/sun.nio.ch.NioSocketImpl.timedFinishConnect(NioSocketImpl.java:542)
	at java.base/sun.nio.ch.NioSocketImpl.connect(NioSocketImpl.java:592)
	at java.base/java.net.SocksSocketImpl.connect(SocksSocketImpl.java:327)
	at java.base/java.net.Socket.connect(Socket.java:751)
	at com.mongodb.internal.connection.SocketStreamHelper.initialize(SocketStreamHelper.java:76)
	at com.mongodb.internal.connection.SocketStream.initializeSocket(SocketStream.java:104)
	at com.mongodb.internal.connection.SocketStream.open(SocketStream.java:78)
	... 4 common frames omitted
]]></system-out>
  <system-err><![CDATA[WARNING: A Java agent has been loaded dynamically (/home/kigawa/.gradle/caches/modules-2/files-2.1/net.bytebuddy/byte-buddy-agent/1.14.10/90ed94ac044ea8953b224304c762316e91fd6b31/byte-buddy-agent-1.14.10.jar)
WARNING: If a serviceability tool is in use, please run with -XX:+EnableDynamicAgentLoading to hide this warning
WARNING: If a serviceability tool is not in use, please run with -Djdk.instrument.traceUsage for more information
WARNING: Dynamic loading of agents will be disallowed by default in a future release
]]></system-err>
</testsuite>
